[debug] [2020-08-30T08:04:58.506Z] ----------------------------------------------------------------------
[debug] [2020-08-30T08:04:58.509Z] Command:       C:\Program Files\nodejs\node.exe C:\Users\Shtr1h\AppData\Roaming\npm\node_modules\firebase-tools\lib\bin\firebase.js deploy
[debug] [2020-08-30T08:04:58.510Z] CLI Version:   8.9.2
[debug] [2020-08-30T08:04:58.510Z] Platform:      win32
[debug] [2020-08-30T08:04:58.510Z] Node Version:  v12.18.0
[debug] [2020-08-30T08:04:58.511Z] Time:          Sun Aug 30 2020 15:04:58 GMT+0700 (GMT+07:00)
[debug] [2020-08-30T08:04:58.511Z] ----------------------------------------------------------------------
[debug] [2020-08-30T08:04:58.511Z] 
[debug] [2020-08-30T08:04:58.525Z] > command requires scopes: ["email","openid","https://www.googleapis.com/auth/cloudplatformprojects.readonly","https://www.googleapis.com/auth/firebase","https://www.googleapis.com/auth/cloud-platform"]
[debug] [2020-08-30T08:04:58.525Z] > authorizing via signed-in user
[debug] [2020-08-30T08:04:58.526Z] [iam] checking project web-chat-1b38f for permissions ["firebase.projects.get","firebasedatabase.instances.update"]
[debug] [2020-08-30T08:04:58.530Z] > refreshing access token with scopes: ["email","https://www.googleapis.com/auth/cloud-platform","https://www.googleapis.com/auth/cloudplatformprojects.readonly","https://www.googleapis.com/auth/firebase","openid"]
[debug] [2020-08-30T08:04:58.530Z] >>> HTTP REQUEST POST https://www.googleapis.com/oauth2/v3/token  
 <request body omitted>
[debug] [2020-08-30T08:04:58.808Z] <<< HTTP RESPONSE 200 {"content-type":"application/json; charset=utf-8","vary":"X-Origin, Referer, Origin,Accept-Encoding","date":"Sun, 30 Aug 2020 08:04:57 GMT","server":"scaffolding on HTTPServer2","cache-control":"private","x-xss-protection":"0","x-frame-options":"SAMEORIGIN","x-content-type-options":"nosniff","alt-svc":"h3-29=\":443\"; ma=2592000,h3-27=\":443\"; ma=2592000,h3-T051=\":443\"; ma=2592000,h3-T050=\":443\"; ma=2592000,h3-Q050=\":443\"; ma=2592000,h3-Q046=\":443\"; ma=2592000,h3-Q043=\":443\"; ma=2592000,quic=\":443\"; ma=2592000; v=\"46,43\"","accept-ranges":"none","transfer-encoding":"chunked"}
[debug] [2020-08-30T08:04:58.878Z] >>> HTTP REQUEST POST https://cloudresourcemanager.googleapis.com/v1/projects/web-chat-1b38f:testIamPermissions  
 {"permissions":["firebase.projects.get","firebasedatabase.instances.update"]}
[debug] [2020-08-30T08:05:00.010Z] <<< HTTP RESPONSE 200 {"content-type":"application/json; charset=UTF-8","vary":"X-Origin, Referer, Origin,Accept-Encoding","date":"Sun, 30 Aug 2020 08:04:58 GMT","server":"ESF","cache-control":"private","x-xss-protection":"0","x-frame-options":"SAMEORIGIN","x-content-type-options":"nosniff","server-timing":"gfet4t7; dur=831","alt-svc":"h3-29=\":443\"; ma=2592000,h3-27=\":443\"; ma=2592000,h3-T051=\":443\"; ma=2592000,h3-T050=\":443\"; ma=2592000,h3-Q050=\":443\"; ma=2592000,h3-Q046=\":443\"; ma=2592000,h3-Q043=\":443\"; ma=2592000,quic=\":443\"; ma=2592000; v=\"46,43\"","accept-ranges":"none","transfer-encoding":"chunked"}
[debug] [2020-08-30T08:05:00.014Z] >>> HTTP REQUEST GET https://firebase.googleapis.com/v1beta1/projects/web-chat-1b38f  
 
[debug] [2020-08-30T08:05:21.091Z] Server Error. connect ETIMEDOUT 173.194.222.95:443
[debug] [2020-08-30T08:05:21.096Z] FirebaseError: Server Error. connect ETIMEDOUT 173.194.222.95:443
    at Request._callback (C:\Users\Shtr1h\AppData\Roaming\npm\node_modules\firebase-tools\lib\api.js:32:31)
    at self.callback (C:\Users\Shtr1h\AppData\Roaming\npm\node_modules\firebase-tools\node_modules\request\request.js:185:22)
    at Request.emit (events.js:315:20)
    at Request.EventEmitter.emit (domain.js:482:12)
    at Request.onRequestError (C:\Users\Shtr1h\AppData\Roaming\npm\node_modules\firebase-tools\node_modules\request\request.js:877:8)
    at ClientRequest.emit (events.js:327:22)
    at ClientRequest.EventEmitter.emit (domain.js:482:12)
    at TLSSocket.socketErrorListener (_http_client.js:426:9)
    at TLSSocket.emit (events.js:315:20)
    at TLSSocket.EventEmitter.emit (domain.js:482:12)
    at emitErrorNT (internal/streams/destroy.js:92:8)
    at emitErrorAndCloseNT (internal/streams/destroy.js:60:3)
    at processTicksAndRejections (internal/process/task_queues.js:84:21)
[error] 
[error] Error: Failed to get Firebase project web-chat-1b38f. Please make sure the project exists and your account has permission to access it.
